{"level":"info","message":"Running on Node.js - Version 20.9.0","timestamp":"2024-07-02 17:54:15"}
{"level":"info","message":"Foundry Virtual Tabletop - Version 12 Build 328","timestamp":"2024-07-02 17:54:15"}
{"level":"info","message":"User Data Directory - \"C:/Users/mathe/utopia/main\"","timestamp":"2024-07-02 17:54:15"}
{"level":"info","message":"Application Options:\n{\n  \"compressStatic\": true,\n  \"fullscreen\": false,\n  \"hostname\": null,\n  \"language\": \"en.core\",\n  \"localHostname\": null,\n  \"port\": 30000,\n  \"protocol\": null,\n  \"proxyPort\": null,\n  \"proxySSL\": false,\n  \"routePrefix\": null,\n  \"updateChannel\": \"stable\",\n  \"upnp\": true,\n  \"upnpLeaseDuration\": null,\n  \"awsConfig\": null,\n  \"compressSocket\": true,\n  \"cssTheme\": \"foundry\",\n  \"deleteNEDB\": false,\n  \"hotReload\": false,\n  \"passwordSalt\": null,\n  \"sslCert\": null,\n  \"sslKey\": null,\n  \"world\": null,\n  \"serviceConfig\": null,\n  \"telemetry\": true,\n  \"adminPassword\": null,\n  \"noBackups\": false\n}","timestamp":"2024-07-02 17:54:15"}
{"level":"info","message":"Software license verification succeeded","timestamp":"2024-07-02 17:54:15"}
{"level":"info","message":"Requesting UPnP port forwarding to destination port 30000","timestamp":"2024-07-02 17:54:15"}
{"level":"info","message":"Running Electron application with version 29.4.0 using Chromium 122.0.6261.156","timestamp":"2024-07-02 17:54:15"}
{"level":"info","message":"Server started and listening on port 30000","timestamp":"2024-07-02 17:54:15"}
{"level":"info","message":"Created client session 2f0f82c92a82178b68f813e3","timestamp":"2024-07-02 17:54:18"}
{"level":"warn","message":"The module \"gm-screen\" contains \"dependencies\" which is deprecated in favor of \"relationships.requires\"\nDeprecated since Version 10\nBackwards-compatible support will be removed in Version 13","timestamp":"2024-07-02 17:54:18"}
{"level":"warn","message":"The system \"pf1\" is using \"gridDistance\" which is deprecated in favor of \"grid.distance\".\nDeprecated since Version 12\nBackwards-compatible support will be removed in Version 14","timestamp":"2024-07-02 17:54:18"}
{"level":"warn","message":"The system \"pf1\" is using \"gridUnits\" which is deprecated in favor of \"grid.units\".\nDeprecated since Version 12\nBackwards-compatible support will be removed in Version 14","timestamp":"2024-07-02 17:54:18"}
{"level":"warn","message":"The system \"pf1\" is using \"gridDistance\" which is deprecated in favor of \"grid.distance\".\nDeprecated since Version 12\nBackwards-compatible support will be removed in Version 14","timestamp":"2024-07-02 17:57:42"}
{"level":"warn","message":"The system \"pf1\" is using \"gridUnits\" which is deprecated in favor of \"grid.units\".\nDeprecated since Version 12\nBackwards-compatible support will be removed in Version 14","timestamp":"2024-07-02 17:57:42"}
{"level":"warn","message":"The system \"pf1\" is using \"gridDistance\" which is deprecated in favor of \"grid.distance\".\nDeprecated since Version 12\nBackwards-compatible support will be removed in Version 14","timestamp":"2024-07-02 17:58:04"}
{"level":"warn","message":"The system \"pf1\" is using \"gridUnits\" which is deprecated in favor of \"grid.units\".\nDeprecated since Version 12\nBackwards-compatible support will be removed in Version 14","timestamp":"2024-07-02 17:58:04"}
{"level":"warn","message":"The module \"fa-battlemaps\" is using \"name\" which is deprecated in favor of \"id\"\nDeprecated since Version 10\nBackwards-compatible support will be removed in Version 13","timestamp":"2024-07-02 17:58:07"}
{"level":"warn","message":"module \"fa-battlemaps\" uses pack.private which has been replaced with pack.ownership\nDeprecated since Version 11\nBackwards-compatible support will be removed in Version 13","timestamp":"2024-07-02 17:58:07"}
{"level":"warn","message":"The module \"fa-battlemaps\" is using \"name\" which is deprecated in favor of \"id\"\nDeprecated since Version 10\nBackwards-compatible support will be removed in Version 13","timestamp":"2024-07-02 17:58:10"}
{"level":"warn","message":"module \"fa-battlemaps\" uses pack.private which has been replaced with pack.ownership\nDeprecated since Version 11\nBackwards-compatible support will be removed in Version 13","timestamp":"2024-07-02 17:58:10"}
{"level":"info","message":"Applied sidegrade metadata updates to module fa-battlemaps","timestamp":"2024-07-02 17:58:10"}
{"level":"info","message":"Downloading package - 0%","timestamp":"2024-07-02 17:58:11"}
{"level":"info","message":"Downloading package - 1%","timestamp":"2024-07-02 17:58:11"}
{"level":"info","message":"Downloading package - 2%","timestamp":"2024-07-02 17:58:11"}
{"level":"info","message":"Downloading package - 3%","timestamp":"2024-07-02 17:58:11"}
{"level":"info","message":"Downloading package - 4%","timestamp":"2024-07-02 17:58:11"}
{"level":"info","message":"Downloading package - 5%","timestamp":"2024-07-02 17:58:11"}
{"level":"info","message":"Downloading package - 6%","timestamp":"2024-07-02 17:58:11"}
{"level":"info","message":"Downloading package - 7%","timestamp":"2024-07-02 17:58:11"}
{"level":"info","message":"Downloading package - 8%","timestamp":"2024-07-02 17:58:11"}
{"level":"info","message":"Downloading package - 9%","timestamp":"2024-07-02 17:58:11"}
{"level":"info","message":"Downloading package - 10%","timestamp":"2024-07-02 17:58:11"}
{"level":"info","message":"Downloading package - 11%","timestamp":"2024-07-02 17:58:11"}
{"level":"info","message":"Downloading package - 12%","timestamp":"2024-07-02 17:58:11"}
{"level":"info","message":"Downloading package - 13%","timestamp":"2024-07-02 17:58:11"}
{"level":"info","message":"Downloading package - 14%","timestamp":"2024-07-02 17:58:11"}
{"level":"info","message":"Downloading package - 15%","timestamp":"2024-07-02 17:58:11"}
{"level":"info","message":"Downloading package - 16%","timestamp":"2024-07-02 17:58:11"}
{"level":"info","message":"Downloading package - 17%","timestamp":"2024-07-02 17:58:11"}
{"level":"info","message":"Downloading package - 18%","timestamp":"2024-07-02 17:58:11"}
{"level":"info","message":"Downloading package - 19%","timestamp":"2024-07-02 17:58:11"}
{"level":"info","message":"Downloading package - 20%","timestamp":"2024-07-02 17:58:11"}
{"level":"info","message":"Downloading package - 21%","timestamp":"2024-07-02 17:58:11"}
{"level":"info","message":"Downloading package - 22%","timestamp":"2024-07-02 17:58:11"}
{"level":"info","message":"Downloading package - 23%","timestamp":"2024-07-02 17:58:11"}
{"level":"info","message":"Downloading package - 24%","timestamp":"2024-07-02 17:58:11"}
{"level":"info","message":"Downloading package - 25%","timestamp":"2024-07-02 17:58:11"}
{"level":"info","message":"Downloading package - 26%","timestamp":"2024-07-02 17:58:11"}
{"level":"info","message":"Downloading package - 27%","timestamp":"2024-07-02 17:58:11"}
{"level":"info","message":"Downloading package - 28%","timestamp":"2024-07-02 17:58:11"}
{"level":"info","message":"Downloading package - 29%","timestamp":"2024-07-02 17:58:11"}
{"level":"info","message":"Downloading package - 30%","timestamp":"2024-07-02 17:58:11"}
{"level":"info","message":"Downloading package - 31%","timestamp":"2024-07-02 17:58:11"}
{"level":"info","message":"Downloading package - 32%","timestamp":"2024-07-02 17:58:11"}
{"level":"info","message":"Downloading package - 33%","timestamp":"2024-07-02 17:58:11"}
{"level":"info","message":"Downloading package - 34%","timestamp":"2024-07-02 17:58:11"}
{"level":"info","message":"Downloading package - 35%","timestamp":"2024-07-02 17:58:11"}
{"level":"info","message":"Downloading package - 36%","timestamp":"2024-07-02 17:58:11"}
{"level":"info","message":"Downloading package - 37%","timestamp":"2024-07-02 17:58:11"}
{"level":"info","message":"Downloading package - 38%","timestamp":"2024-07-02 17:58:11"}
{"level":"info","message":"Downloading package - 39%","timestamp":"2024-07-02 17:58:11"}
{"level":"info","message":"Downloading package - 40%","timestamp":"2024-07-02 17:58:11"}
{"level":"info","message":"Downloading package - 41%","timestamp":"2024-07-02 17:58:11"}
{"level":"info","message":"Downloading package - 42%","timestamp":"2024-07-02 17:58:11"}
{"level":"info","message":"Downloading package - 43%","timestamp":"2024-07-02 17:58:11"}
{"level":"info","message":"Downloading package - 44%","timestamp":"2024-07-02 17:58:11"}
{"level":"info","message":"Downloading package - 45%","timestamp":"2024-07-02 17:58:11"}
{"level":"info","message":"Downloading package - 46%","timestamp":"2024-07-02 17:58:11"}
{"level":"info","message":"Downloading package - 47%","timestamp":"2024-07-02 17:58:11"}
{"level":"info","message":"Downloading package - 48%","timestamp":"2024-07-02 17:58:11"}
{"level":"info","message":"Downloading package - 49%","timestamp":"2024-07-02 17:58:11"}
{"level":"info","message":"Downloading package - 50%","timestamp":"2024-07-02 17:58:11"}
{"level":"info","message":"Downloading package - 51%","timestamp":"2024-07-02 17:58:11"}
{"level":"info","message":"Downloading package - 52%","timestamp":"2024-07-02 17:58:11"}
{"level":"info","message":"Downloading package - 53%","timestamp":"2024-07-02 17:58:11"}
{"level":"info","message":"Downloading package - 54%","timestamp":"2024-07-02 17:58:11"}
{"level":"info","message":"Downloading package - 55%","timestamp":"2024-07-02 17:58:11"}
{"level":"info","message":"Downloading package - 56%","timestamp":"2024-07-02 17:58:11"}
{"level":"info","message":"Downloading package - 57%","timestamp":"2024-07-02 17:58:11"}
{"level":"info","message":"Downloading package - 58%","timestamp":"2024-07-02 17:58:11"}
{"level":"info","message":"Downloading package - 59%","timestamp":"2024-07-02 17:58:11"}
{"level":"info","message":"Downloading package - 60%","timestamp":"2024-07-02 17:58:11"}
{"level":"info","message":"Downloading package - 61%","timestamp":"2024-07-02 17:58:11"}
{"level":"info","message":"Downloading package - 62%","timestamp":"2024-07-02 17:58:11"}
{"level":"info","message":"Downloading package - 63%","timestamp":"2024-07-02 17:58:11"}
{"level":"info","message":"Downloading package - 64%","timestamp":"2024-07-02 17:58:11"}
{"level":"info","message":"Downloading package - 65%","timestamp":"2024-07-02 17:58:11"}
{"level":"info","message":"Downloading package - 66%","timestamp":"2024-07-02 17:58:11"}
{"level":"info","message":"Downloading package - 67%","timestamp":"2024-07-02 17:58:11"}
{"level":"info","message":"Downloading package - 68%","timestamp":"2024-07-02 17:58:11"}
{"level":"info","message":"Downloading package - 69%","timestamp":"2024-07-02 17:58:11"}
{"level":"info","message":"Downloading package - 70%","timestamp":"2024-07-02 17:58:11"}
{"level":"info","message":"Downloading package - 71%","timestamp":"2024-07-02 17:58:11"}
{"level":"info","message":"Downloading package - 72%","timestamp":"2024-07-02 17:58:11"}
{"level":"info","message":"Downloading package - 73%","timestamp":"2024-07-02 17:58:11"}
{"level":"info","message":"Downloading package - 74%","timestamp":"2024-07-02 17:58:11"}
{"level":"info","message":"Downloading package - 75%","timestamp":"2024-07-02 17:58:11"}
{"level":"info","message":"Downloading package - 76%","timestamp":"2024-07-02 17:58:11"}
{"level":"info","message":"Downloading package - 77%","timestamp":"2024-07-02 17:58:11"}
{"level":"info","message":"Downloading package - 78%","timestamp":"2024-07-02 17:58:11"}
{"level":"info","message":"Downloading package - 79%","timestamp":"2024-07-02 17:58:11"}
{"level":"info","message":"Downloading package - 80%","timestamp":"2024-07-02 17:58:11"}
{"level":"info","message":"Downloading package - 81%","timestamp":"2024-07-02 17:58:11"}
{"level":"info","message":"Downloading package - 82%","timestamp":"2024-07-02 17:58:11"}
{"level":"info","message":"Downloading package - 83%","timestamp":"2024-07-02 17:58:11"}
{"level":"info","message":"Downloading package - 84%","timestamp":"2024-07-02 17:58:11"}
{"level":"info","message":"Downloading package - 85%","timestamp":"2024-07-02 17:58:11"}
{"level":"info","message":"Downloading package - 86%","timestamp":"2024-07-02 17:58:11"}
{"level":"info","message":"Downloading package - 87%","timestamp":"2024-07-02 17:58:11"}
{"level":"info","message":"Downloading package - 88%","timestamp":"2024-07-02 17:58:11"}
{"level":"info","message":"Downloading package - 89%","timestamp":"2024-07-02 17:58:11"}
{"level":"info","message":"Downloading package - 90%","timestamp":"2024-07-02 17:58:11"}
{"level":"info","message":"Downloading package - 91%","timestamp":"2024-07-02 17:58:11"}
{"level":"info","message":"Downloading package - 92%","timestamp":"2024-07-02 17:58:11"}
{"level":"info","message":"Downloading package - 93%","timestamp":"2024-07-02 17:58:11"}
{"level":"info","message":"Downloading package - 94%","timestamp":"2024-07-02 17:58:11"}
{"level":"info","message":"Downloading package - 95%","timestamp":"2024-07-02 17:58:11"}
{"level":"info","message":"Downloading package - 96%","timestamp":"2024-07-02 17:58:11"}
{"level":"info","message":"Downloading package - 97%","timestamp":"2024-07-02 17:58:11"}
{"level":"info","message":"Downloading package - 98%","timestamp":"2024-07-02 17:58:11"}
{"level":"info","message":"Downloading package - 99%","timestamp":"2024-07-02 17:58:11"}
{"level":"info","message":"Downloading package - 100%","timestamp":"2024-07-02 17:58:11"}
{"level":"warn","message":"The module \"fa-battlemaps\" is using \"name\" which is deprecated in favor of \"id\"\nDeprecated since Version 10\nBackwards-compatible support will be removed in Version 13","timestamp":"2024-07-02 17:58:11"}
{"level":"warn","message":"module \"fa-battlemaps\" uses pack.private which has been replaced with pack.ownership\nDeprecated since Version 11\nBackwards-compatible support will be removed in Version 13","timestamp":"2024-07-02 17:58:11"}
{"level":"info","message":"Installing package - 3%","timestamp":"2024-07-02 17:58:11"}
{"level":"info","message":"Installing package - 5%","timestamp":"2024-07-02 17:58:11"}
{"level":"info","message":"Installing package - 8%","timestamp":"2024-07-02 17:58:11"}
{"level":"info","message":"Installing package - 10%","timestamp":"2024-07-02 17:58:11"}
{"level":"info","message":"Installing package - 13%","timestamp":"2024-07-02 17:58:11"}
{"level":"info","message":"Installing package - 15%","timestamp":"2024-07-02 17:58:11"}
{"level":"info","message":"Installing package - 18%","timestamp":"2024-07-02 17:58:11"}
{"level":"info","message":"Installing package - 20%","timestamp":"2024-07-02 17:58:11"}
{"level":"info","message":"Installing package - 23%","timestamp":"2024-07-02 17:58:11"}
{"level":"info","message":"Installing package - 25%","timestamp":"2024-07-02 17:58:11"}
{"level":"info","message":"Installing package - 28%","timestamp":"2024-07-02 17:58:11"}
{"level":"info","message":"Installing package - 30%","timestamp":"2024-07-02 17:58:11"}
{"level":"info","message":"Installing package - 33%","timestamp":"2024-07-02 17:58:11"}
{"level":"info","message":"Installing package - 35%","timestamp":"2024-07-02 17:58:11"}
{"level":"info","message":"Installing package - 38%","timestamp":"2024-07-02 17:58:11"}
{"level":"info","message":"Installing package - 40%","timestamp":"2024-07-02 17:58:11"}
{"level":"info","message":"Installing package - 43%","timestamp":"2024-07-02 17:58:11"}
{"level":"info","message":"Installing package - 45%","timestamp":"2024-07-02 17:58:11"}
{"level":"info","message":"Installing package - 48%","timestamp":"2024-07-02 17:58:11"}
{"level":"info","message":"Installing package - 50%","timestamp":"2024-07-02 17:58:11"}
{"level":"info","message":"Installing package - 53%","timestamp":"2024-07-02 17:58:11"}
{"level":"info","message":"Installing package - 55%","timestamp":"2024-07-02 17:58:11"}
{"level":"info","message":"Installing package - 57%","timestamp":"2024-07-02 17:58:11"}
{"level":"info","message":"Installing package - 60%","timestamp":"2024-07-02 17:58:11"}
{"level":"info","message":"Installing package - 63%","timestamp":"2024-07-02 17:58:11"}
{"level":"info","message":"Installing package - 65%","timestamp":"2024-07-02 17:58:11"}
{"level":"info","message":"Installing package - 68%","timestamp":"2024-07-02 17:58:11"}
{"level":"info","message":"Installing package - 70%","timestamp":"2024-07-02 17:58:11"}
{"level":"info","message":"Installing package - 73%","timestamp":"2024-07-02 17:58:11"}
{"level":"info","message":"Installing package - 75%","timestamp":"2024-07-02 17:58:11"}
{"level":"info","message":"Installing package - 78%","timestamp":"2024-07-02 17:58:11"}
{"level":"info","message":"Installing package - 80%","timestamp":"2024-07-02 17:58:11"}
{"level":"info","message":"Installing package - 83%","timestamp":"2024-07-02 17:58:11"}
{"level":"info","message":"Installing package - 85%","timestamp":"2024-07-02 17:58:11"}
{"level":"info","message":"Installing package - 88%","timestamp":"2024-07-02 17:58:11"}
{"level":"info","message":"Installing package - 90%","timestamp":"2024-07-02 17:58:11"}
{"level":"info","message":"Installing package - 93%","timestamp":"2024-07-02 17:58:11"}
{"level":"info","message":"Installing package - 95%","timestamp":"2024-07-02 17:58:11"}
{"level":"info","message":"Installing package - 98%","timestamp":"2024-07-02 17:58:11"}
{"level":"info","message":"Installing package - 100%","timestamp":"2024-07-02 17:58:11"}
{"level":"info","message":"Installed module fa-battlemaps","timestamp":"2024-07-02 17:58:11"}
{"level":"info","message":"Applied sidegrade metadata updates to module fa-battlemaps","timestamp":"2024-07-02 17:58:11"}
{"level":"info","message":"complete - 100%","timestamp":"2024-07-02 17:58:11"}
{"level":"warn","message":"The module \"gm-screen\" is using \"name\" which is deprecated in favor of \"id\"\nDeprecated since Version 10\nBackwards-compatible support will be removed in Version 13","timestamp":"2024-07-02 17:58:14"}
{"level":"warn","message":"The module \"gm-screen\" is using the old flat core compatibility fields which are deprecated in favor of the new \"compatibility\" object\nDeprecated since Version 10\nBackwards-compatible support will be removed in Version 13","timestamp":"2024-07-02 17:58:14"}
{"level":"info","message":"Downloading package - 0%","timestamp":"2024-07-02 17:58:28"}
{"level":"info","message":"Installing package - 2%","timestamp":"2024-07-02 17:58:28"}
{"level":"info","message":"Installing package - 3%","timestamp":"2024-07-02 17:58:28"}
{"level":"info","message":"Installing package - 5%","timestamp":"2024-07-02 17:58:28"}
{"level":"info","message":"Installing package - 6%","timestamp":"2024-07-02 17:58:28"}
{"level":"info","message":"Installing package - 8%","timestamp":"2024-07-02 17:58:28"}
{"level":"info","message":"Installing package - 10%","timestamp":"2024-07-02 17:58:28"}
{"level":"info","message":"Installing package - 11%","timestamp":"2024-07-02 17:58:28"}
{"level":"info","message":"Installing package - 13%","timestamp":"2024-07-02 17:58:28"}
{"level":"info","message":"Installing package - 14%","timestamp":"2024-07-02 17:58:28"}
{"level":"info","message":"Installing package - 16%","timestamp":"2024-07-02 17:58:28"}
{"level":"info","message":"Installing package - 17%","timestamp":"2024-07-02 17:58:28"}
{"level":"info","message":"Installing package - 19%","timestamp":"2024-07-02 17:58:28"}
{"level":"info","message":"Installing package - 21%","timestamp":"2024-07-02 17:58:29"}
{"level":"info","message":"Installing package - 22%","timestamp":"2024-07-02 17:58:29"}
{"level":"info","message":"Installing package - 24%","timestamp":"2024-07-02 17:58:29"}
{"level":"info","message":"Installing package - 25%","timestamp":"2024-07-02 17:58:29"}
{"level":"info","message":"Installing package - 27%","timestamp":"2024-07-02 17:58:29"}
{"level":"info","message":"Installing package - 29%","timestamp":"2024-07-02 17:58:29"}
{"level":"info","message":"Installing package - 30%","timestamp":"2024-07-02 17:58:29"}
{"level":"info","message":"Installing package - 32%","timestamp":"2024-07-02 17:58:29"}
{"level":"info","message":"Installing package - 33%","timestamp":"2024-07-02 17:58:29"}
{"level":"info","message":"Installing package - 35%","timestamp":"2024-07-02 17:58:29"}
{"level":"info","message":"Installing package - 37%","timestamp":"2024-07-02 17:58:29"}
{"level":"info","message":"Installing package - 38%","timestamp":"2024-07-02 17:58:29"}
{"level":"info","message":"Installing package - 40%","timestamp":"2024-07-02 17:58:29"}
{"level":"info","message":"Installing package - 41%","timestamp":"2024-07-02 17:58:29"}
{"level":"info","message":"Installing package - 43%","timestamp":"2024-07-02 17:58:29"}
{"level":"info","message":"Installing package - 44%","timestamp":"2024-07-02 17:58:29"}
{"level":"info","message":"Installing package - 46%","timestamp":"2024-07-02 17:58:29"}
{"level":"info","message":"Installing package - 48%","timestamp":"2024-07-02 17:58:29"}
{"level":"info","message":"Installing package - 49%","timestamp":"2024-07-02 17:58:29"}
{"level":"info","message":"Installing package - 51%","timestamp":"2024-07-02 17:58:29"}
{"level":"info","message":"Installing package - 52%","timestamp":"2024-07-02 17:58:29"}
{"level":"info","message":"Installing package - 54%","timestamp":"2024-07-02 17:58:29"}
{"level":"info","message":"Installing package - 56%","timestamp":"2024-07-02 17:58:29"}
{"level":"info","message":"Installing package - 57%","timestamp":"2024-07-02 17:58:29"}
{"level":"info","message":"Installing package - 59%","timestamp":"2024-07-02 17:58:29"}
{"level":"info","message":"Installing package - 60%","timestamp":"2024-07-02 17:58:29"}
{"level":"info","message":"Installing package - 62%","timestamp":"2024-07-02 17:58:29"}
{"level":"info","message":"Installing package - 63%","timestamp":"2024-07-02 17:58:29"}
{"level":"info","message":"Installing package - 65%","timestamp":"2024-07-02 17:58:29"}
{"level":"info","message":"Installing package - 67%","timestamp":"2024-07-02 17:58:29"}
{"level":"info","message":"Installing package - 68%","timestamp":"2024-07-02 17:58:29"}
{"level":"info","message":"Installing package - 70%","timestamp":"2024-07-02 17:58:29"}
{"level":"info","message":"Installing package - 71%","timestamp":"2024-07-02 17:58:29"}
{"level":"info","message":"Installing package - 73%","timestamp":"2024-07-02 17:58:29"}
{"level":"info","message":"Installing package - 75%","timestamp":"2024-07-02 17:58:29"}
{"level":"info","message":"Installing package - 76%","timestamp":"2024-07-02 17:58:29"}
{"level":"info","message":"Installing package - 78%","timestamp":"2024-07-02 17:58:29"}
{"level":"info","message":"Installing package - 79%","timestamp":"2024-07-02 17:58:29"}
{"level":"info","message":"Installing package - 81%","timestamp":"2024-07-02 17:58:29"}
{"level":"info","message":"Installing package - 83%","timestamp":"2024-07-02 17:58:29"}
{"level":"info","message":"Installing package - 84%","timestamp":"2024-07-02 17:58:29"}
{"level":"info","message":"Installing package - 86%","timestamp":"2024-07-02 17:58:29"}
{"level":"info","message":"Installing package - 87%","timestamp":"2024-07-02 17:58:29"}
{"level":"info","message":"Installing package - 89%","timestamp":"2024-07-02 17:58:29"}
{"level":"info","message":"Installing package - 90%","timestamp":"2024-07-02 17:58:29"}
{"level":"info","message":"Installing package - 92%","timestamp":"2024-07-02 17:58:29"}
{"level":"info","message":"Installing package - 94%","timestamp":"2024-07-02 17:58:29"}
{"level":"info","message":"Installing package - 95%","timestamp":"2024-07-02 17:58:29"}
{"level":"info","message":"Installing package - 97%","timestamp":"2024-07-02 17:58:29"}
{"level":"info","message":"Installing package - 98%","timestamp":"2024-07-02 17:58:29"}
{"level":"info","message":"Installing package - 100%","timestamp":"2024-07-02 17:58:29"}
{"level":"info","message":"Installed module monks-active-tiles","timestamp":"2024-07-02 17:58:29"}
{"level":"info","message":"complete - 100%","timestamp":"2024-07-02 17:58:29"}
{"level":"info","message":"Downloading package - 0%","timestamp":"2024-07-02 17:58:43"}
{"level":"info","message":"Downloading package - 1%","timestamp":"2024-07-02 17:58:43"}
{"level":"info","message":"Downloading package - 2%","timestamp":"2024-07-02 17:58:43"}
{"level":"info","message":"Downloading package - 3%","timestamp":"2024-07-02 17:58:43"}
{"level":"info","message":"Downloading package - 4%","timestamp":"2024-07-02 17:58:43"}
{"level":"info","message":"Downloading package - 5%","timestamp":"2024-07-02 17:58:43"}
{"level":"info","message":"Downloading package - 6%","timestamp":"2024-07-02 17:58:43"}
{"level":"info","message":"Downloading package - 7%","timestamp":"2024-07-02 17:58:43"}
{"level":"info","message":"Downloading package - 8%","timestamp":"2024-07-02 17:58:43"}
{"level":"info","message":"Downloading package - 9%","timestamp":"2024-07-02 17:58:43"}
{"level":"info","message":"Downloading package - 10%","timestamp":"2024-07-02 17:58:43"}
{"level":"info","message":"Downloading package - 11%","timestamp":"2024-07-02 17:58:43"}
{"level":"info","message":"Downloading package - 12%","timestamp":"2024-07-02 17:58:44"}
{"level":"info","message":"Downloading package - 13%","timestamp":"2024-07-02 17:58:44"}
{"level":"info","message":"Downloading package - 14%","timestamp":"2024-07-02 17:58:44"}
{"level":"info","message":"Downloading package - 15%","timestamp":"2024-07-02 17:58:44"}
{"level":"info","message":"Downloading package - 16%","timestamp":"2024-07-02 17:58:44"}
{"level":"info","message":"Downloading package - 17%","timestamp":"2024-07-02 17:58:44"}
{"level":"info","message":"Downloading package - 18%","timestamp":"2024-07-02 17:58:44"}
{"level":"info","message":"Downloading package - 19%","timestamp":"2024-07-02 17:58:44"}
{"level":"info","message":"Downloading package - 20%","timestamp":"2024-07-02 17:58:44"}
{"level":"info","message":"Downloading package - 21%","timestamp":"2024-07-02 17:58:44"}
{"level":"info","message":"Downloading package - 22%","timestamp":"2024-07-02 17:58:44"}
{"level":"info","message":"Downloading package - 23%","timestamp":"2024-07-02 17:58:44"}
{"level":"info","message":"Downloading package - 24%","timestamp":"2024-07-02 17:58:44"}
{"level":"info","message":"Downloading package - 25%","timestamp":"2024-07-02 17:58:44"}
{"level":"info","message":"Downloading package - 26%","timestamp":"2024-07-02 17:58:44"}
{"level":"info","message":"Downloading package - 27%","timestamp":"2024-07-02 17:58:44"}
{"level":"info","message":"Downloading package - 28%","timestamp":"2024-07-02 17:58:44"}
{"level":"info","message":"Downloading package - 29%","timestamp":"2024-07-02 17:58:44"}
{"level":"info","message":"Downloading package - 30%","timestamp":"2024-07-02 17:58:44"}
{"level":"info","message":"Downloading package - 31%","timestamp":"2024-07-02 17:58:44"}
{"level":"info","message":"Downloading package - 32%","timestamp":"2024-07-02 17:58:44"}
{"level":"info","message":"Downloading package - 33%","timestamp":"2024-07-02 17:58:44"}
{"level":"info","message":"Downloading package - 34%","timestamp":"2024-07-02 17:58:44"}
{"level":"info","message":"Downloading package - 35%","timestamp":"2024-07-02 17:58:44"}
{"level":"info","message":"Downloading package - 36%","timestamp":"2024-07-02 17:58:44"}
{"level":"info","message":"Downloading package - 37%","timestamp":"2024-07-02 17:58:44"}
{"level":"info","message":"Downloading package - 38%","timestamp":"2024-07-02 17:58:44"}
{"level":"info","message":"Downloading package - 39%","timestamp":"2024-07-02 17:58:44"}
{"level":"info","message":"Downloading package - 40%","timestamp":"2024-07-02 17:58:44"}
{"level":"info","message":"Downloading package - 41%","timestamp":"2024-07-02 17:58:44"}
{"level":"info","message":"Downloading package - 42%","timestamp":"2024-07-02 17:58:44"}
{"level":"info","message":"Downloading package - 43%","timestamp":"2024-07-02 17:58:44"}
{"level":"info","message":"Downloading package - 44%","timestamp":"2024-07-02 17:58:44"}
{"level":"info","message":"Downloading package - 45%","timestamp":"2024-07-02 17:58:44"}
{"level":"info","message":"Downloading package - 46%","timestamp":"2024-07-02 17:58:44"}
{"level":"info","message":"Downloading package - 47%","timestamp":"2024-07-02 17:58:44"}
{"level":"info","message":"Downloading package - 48%","timestamp":"2024-07-02 17:58:44"}
{"level":"info","message":"Downloading package - 49%","timestamp":"2024-07-02 17:58:44"}
{"level":"info","message":"Downloading package - 50%","timestamp":"2024-07-02 17:58:44"}
{"level":"info","message":"Downloading package - 51%","timestamp":"2024-07-02 17:58:44"}
{"level":"info","message":"Downloading package - 52%","timestamp":"2024-07-02 17:58:44"}
{"level":"info","message":"Downloading package - 53%","timestamp":"2024-07-02 17:58:44"}
{"level":"info","message":"Downloading package - 54%","timestamp":"2024-07-02 17:58:44"}
{"level":"info","message":"Downloading package - 55%","timestamp":"2024-07-02 17:58:44"}
{"level":"info","message":"Downloading package - 56%","timestamp":"2024-07-02 17:58:44"}
{"level":"info","message":"Downloading package - 57%","timestamp":"2024-07-02 17:58:44"}
{"level":"info","message":"Downloading package - 58%","timestamp":"2024-07-02 17:58:44"}
{"level":"info","message":"Downloading package - 59%","timestamp":"2024-07-02 17:58:44"}
{"level":"info","message":"Downloading package - 60%","timestamp":"2024-07-02 17:58:44"}
{"level":"info","message":"Downloading package - 61%","timestamp":"2024-07-02 17:58:44"}
{"level":"info","message":"Downloading package - 62%","timestamp":"2024-07-02 17:58:44"}
{"level":"info","message":"Downloading package - 63%","timestamp":"2024-07-02 17:58:44"}
{"level":"info","message":"Downloading package - 64%","timestamp":"2024-07-02 17:58:44"}
{"level":"info","message":"Downloading package - 65%","timestamp":"2024-07-02 17:58:44"}
{"level":"info","message":"Downloading package - 66%","timestamp":"2024-07-02 17:58:44"}
{"level":"info","message":"Downloading package - 67%","timestamp":"2024-07-02 17:58:44"}
{"level":"info","message":"Downloading package - 68%","timestamp":"2024-07-02 17:58:44"}
{"level":"info","message":"Downloading package - 69%","timestamp":"2024-07-02 17:58:44"}
{"level":"info","message":"Downloading package - 70%","timestamp":"2024-07-02 17:58:44"}
{"level":"info","message":"Downloading package - 71%","timestamp":"2024-07-02 17:58:44"}
{"level":"info","message":"Downloading package - 72%","timestamp":"2024-07-02 17:58:44"}
{"level":"info","message":"Downloading package - 73%","timestamp":"2024-07-02 17:58:44"}
{"level":"info","message":"Downloading package - 74%","timestamp":"2024-07-02 17:58:44"}
{"level":"info","message":"Downloading package - 75%","timestamp":"2024-07-02 17:58:44"}
{"level":"info","message":"Downloading package - 76%","timestamp":"2024-07-02 17:58:44"}
{"level":"info","message":"Downloading package - 77%","timestamp":"2024-07-02 17:58:44"}
{"level":"info","message":"Downloading package - 78%","timestamp":"2024-07-02 17:58:44"}
{"level":"info","message":"Downloading package - 79%","timestamp":"2024-07-02 17:58:44"}
{"level":"info","message":"Downloading package - 80%","timestamp":"2024-07-02 17:58:44"}
{"level":"info","message":"Downloading package - 81%","timestamp":"2024-07-02 17:58:44"}
{"level":"info","message":"Downloading package - 82%","timestamp":"2024-07-02 17:58:44"}
{"level":"info","message":"Downloading package - 83%","timestamp":"2024-07-02 17:58:44"}
{"level":"info","message":"Downloading package - 84%","timestamp":"2024-07-02 17:58:44"}
{"level":"info","message":"Downloading package - 85%","timestamp":"2024-07-02 17:58:44"}
{"level":"info","message":"Downloading package - 86%","timestamp":"2024-07-02 17:58:44"}
{"level":"info","message":"Downloading package - 87%","timestamp":"2024-07-02 17:58:44"}
{"level":"info","message":"Downloading package - 88%","timestamp":"2024-07-02 17:58:44"}
{"level":"info","message":"Downloading package - 89%","timestamp":"2024-07-02 17:58:44"}
{"level":"info","message":"Downloading package - 90%","timestamp":"2024-07-02 17:58:44"}
{"level":"info","message":"Downloading package - 91%","timestamp":"2024-07-02 17:58:44"}
{"level":"info","message":"Downloading package - 92%","timestamp":"2024-07-02 17:58:44"}
{"level":"info","message":"Downloading package - 93%","timestamp":"2024-07-02 17:58:44"}
{"level":"info","message":"Downloading package - 94%","timestamp":"2024-07-02 17:58:44"}
{"level":"info","message":"Downloading package - 95%","timestamp":"2024-07-02 17:58:44"}
{"level":"info","message":"Downloading package - 96%","timestamp":"2024-07-02 17:58:44"}
{"level":"info","message":"Downloading package - 97%","timestamp":"2024-07-02 17:58:44"}
{"level":"info","message":"Downloading package - 98%","timestamp":"2024-07-02 17:58:44"}
{"level":"info","message":"Downloading package - 99%","timestamp":"2024-07-02 17:58:44"}
{"level":"info","message":"Downloading package - 100%","timestamp":"2024-07-02 17:58:44"}
{"level":"info","message":"Installing package - 0%","timestamp":"2024-07-02 17:58:44"}
{"level":"info","message":"Installing package - 1%","timestamp":"2024-07-02 17:58:44"}
{"level":"info","message":"Installing package - 2%","timestamp":"2024-07-02 17:58:44"}
{"level":"info","message":"Installing package - 3%","timestamp":"2024-07-02 17:58:44"}
{"level":"info","message":"Installing package - 4%","timestamp":"2024-07-02 17:58:44"}
{"level":"info","message":"Installing package - 5%","timestamp":"2024-07-02 17:58:44"}
{"level":"info","message":"Installing package - 6%","timestamp":"2024-07-02 17:58:44"}
{"level":"info","message":"Installing package - 7%","timestamp":"2024-07-02 17:58:44"}
{"level":"info","message":"Installing package - 8%","timestamp":"2024-07-02 17:58:44"}
{"level":"info","message":"Installing package - 9%","timestamp":"2024-07-02 17:58:44"}
{"level":"info","message":"Installing package - 10%","timestamp":"2024-07-02 17:58:44"}
{"level":"info","message":"Installing package - 11%","timestamp":"2024-07-02 17:58:44"}
{"level":"info","message":"Installing package - 12%","timestamp":"2024-07-02 17:58:44"}
{"level":"info","message":"Installing package - 13%","timestamp":"2024-07-02 17:58:44"}
{"level":"info","message":"Installing package - 14%","timestamp":"2024-07-02 17:58:44"}
{"level":"info","message":"Installing package - 15%","timestamp":"2024-07-02 17:58:44"}
{"level":"info","message":"Installing package - 16%","timestamp":"2024-07-02 17:58:44"}
{"level":"info","message":"Installing package - 17%","timestamp":"2024-07-02 17:58:44"}
{"level":"info","message":"Installing package - 18%","timestamp":"2024-07-02 17:58:44"}
{"level":"info","message":"Installing package - 19%","timestamp":"2024-07-02 17:58:44"}
{"level":"info","message":"Installing package - 20%","timestamp":"2024-07-02 17:58:44"}
{"level":"info","message":"Installing package - 21%","timestamp":"2024-07-02 17:58:44"}
{"level":"info","message":"Installing package - 22%","timestamp":"2024-07-02 17:58:44"}
{"level":"info","message":"Installing package - 23%","timestamp":"2024-07-02 17:58:44"}
{"level":"info","message":"Installing package - 24%","timestamp":"2024-07-02 17:58:44"}
{"level":"info","message":"Installing package - 25%","timestamp":"2024-07-02 17:58:44"}
{"level":"info","message":"Installing package - 26%","timestamp":"2024-07-02 17:58:44"}
{"level":"info","message":"Installing package - 27%","timestamp":"2024-07-02 17:58:44"}
{"level":"info","message":"Installing package - 28%","timestamp":"2024-07-02 17:58:44"}
{"level":"info","message":"Installing package - 29%","timestamp":"2024-07-02 17:58:44"}
{"level":"info","message":"Installing package - 30%","timestamp":"2024-07-02 17:58:44"}
{"level":"info","message":"Installing package - 31%","timestamp":"2024-07-02 17:58:44"}
{"level":"info","message":"Installing package - 32%","timestamp":"2024-07-02 17:58:44"}
{"level":"info","message":"Installing package - 33%","timestamp":"2024-07-02 17:58:44"}
{"level":"info","message":"Installing package - 34%","timestamp":"2024-07-02 17:58:44"}
{"level":"info","message":"Installing package - 35%","timestamp":"2024-07-02 17:58:44"}
{"level":"info","message":"Installing package - 36%","timestamp":"2024-07-02 17:58:45"}
{"level":"info","message":"Installing package - 37%","timestamp":"2024-07-02 17:58:45"}
{"level":"info","message":"Installing package - 38%","timestamp":"2024-07-02 17:58:45"}
{"level":"info","message":"Installing package - 39%","timestamp":"2024-07-02 17:58:45"}
{"level":"info","message":"Installing package - 40%","timestamp":"2024-07-02 17:58:45"}
{"level":"info","message":"Installing package - 41%","timestamp":"2024-07-02 17:58:45"}
{"level":"info","message":"Installing package - 42%","timestamp":"2024-07-02 17:58:45"}
{"level":"info","message":"Installing package - 43%","timestamp":"2024-07-02 17:58:45"}
{"level":"info","message":"Installing package - 44%","timestamp":"2024-07-02 17:58:45"}
{"level":"info","message":"Installing package - 45%","timestamp":"2024-07-02 17:58:45"}
{"level":"info","message":"Installing package - 46%","timestamp":"2024-07-02 17:58:45"}
{"level":"info","message":"Installing package - 47%","timestamp":"2024-07-02 17:58:45"}
{"level":"info","message":"Installing package - 48%","timestamp":"2024-07-02 17:58:45"}
{"level":"info","message":"Installing package - 49%","timestamp":"2024-07-02 17:58:45"}
{"level":"info","message":"Installing package - 50%","timestamp":"2024-07-02 17:58:45"}
{"level":"info","message":"Installing package - 51%","timestamp":"2024-07-02 17:58:45"}
{"level":"info","message":"Installing package - 52%","timestamp":"2024-07-02 17:58:45"}
{"level":"info","message":"Installing package - 53%","timestamp":"2024-07-02 17:58:45"}
{"level":"info","message":"Installing package - 54%","timestamp":"2024-07-02 17:58:45"}
{"level":"info","message":"Installing package - 55%","timestamp":"2024-07-02 17:58:45"}
{"level":"info","message":"Installing package - 56%","timestamp":"2024-07-02 17:58:45"}
{"level":"info","message":"Installing package - 57%","timestamp":"2024-07-02 17:58:45"}
{"level":"info","message":"Installing package - 58%","timestamp":"2024-07-02 17:58:45"}
{"level":"info","message":"Installing package - 59%","timestamp":"2024-07-02 17:58:45"}
{"level":"info","message":"Installing package - 60%","timestamp":"2024-07-02 17:58:45"}
{"level":"info","message":"Installing package - 61%","timestamp":"2024-07-02 17:58:45"}
{"level":"info","message":"Installing package - 62%","timestamp":"2024-07-02 17:58:45"}
{"level":"info","message":"Installing package - 63%","timestamp":"2024-07-02 17:58:45"}
{"level":"info","message":"Installing package - 64%","timestamp":"2024-07-02 17:58:45"}
{"level":"info","message":"Installing package - 65%","timestamp":"2024-07-02 17:58:45"}
{"level":"info","message":"Installing package - 66%","timestamp":"2024-07-02 17:58:45"}
{"level":"info","message":"Installing package - 67%","timestamp":"2024-07-02 17:58:45"}
{"level":"info","message":"Installing package - 68%","timestamp":"2024-07-02 17:58:45"}
{"level":"info","message":"Installing package - 69%","timestamp":"2024-07-02 17:58:45"}
{"level":"info","message":"Installing package - 70%","timestamp":"2024-07-02 17:58:45"}
{"level":"info","message":"Installing package - 71%","timestamp":"2024-07-02 17:58:45"}
{"level":"info","message":"Installing package - 72%","timestamp":"2024-07-02 17:58:45"}
{"level":"info","message":"Installing package - 73%","timestamp":"2024-07-02 17:58:45"}
{"level":"info","message":"Installing package - 74%","timestamp":"2024-07-02 17:58:45"}
{"level":"info","message":"Installing package - 75%","timestamp":"2024-07-02 17:58:45"}
{"level":"info","message":"Installing package - 76%","timestamp":"2024-07-02 17:58:45"}
{"level":"info","message":"Installing package - 77%","timestamp":"2024-07-02 17:58:45"}
{"level":"info","message":"Installing package - 78%","timestamp":"2024-07-02 17:58:45"}
{"level":"info","message":"Installing package - 79%","timestamp":"2024-07-02 17:58:45"}
{"level":"info","message":"Installing package - 80%","timestamp":"2024-07-02 17:58:45"}
{"level":"info","message":"Installing package - 81%","timestamp":"2024-07-02 17:58:45"}
{"level":"info","message":"Installing package - 82%","timestamp":"2024-07-02 17:58:45"}
{"level":"info","message":"Installing package - 83%","timestamp":"2024-07-02 17:58:45"}
{"level":"info","message":"Installing package - 84%","timestamp":"2024-07-02 17:58:45"}
{"level":"info","message":"Installing package - 85%","timestamp":"2024-07-02 17:58:45"}
{"level":"info","message":"Installing package - 86%","timestamp":"2024-07-02 17:58:45"}
{"level":"info","message":"Installing package - 87%","timestamp":"2024-07-02 17:58:45"}
{"level":"info","message":"Installing package - 88%","timestamp":"2024-07-02 17:58:45"}
{"level":"info","message":"Installing package - 89%","timestamp":"2024-07-02 17:58:45"}
{"level":"info","message":"Installing package - 90%","timestamp":"2024-07-02 17:58:45"}
{"level":"info","message":"Installing package - 91%","timestamp":"2024-07-02 17:58:45"}
{"level":"info","message":"Installing package - 92%","timestamp":"2024-07-02 17:58:45"}
{"level":"info","message":"Installing package - 93%","timestamp":"2024-07-02 17:58:45"}
{"level":"info","message":"Installing package - 94%","timestamp":"2024-07-02 17:58:45"}
{"level":"info","message":"Installing package - 95%","timestamp":"2024-07-02 17:58:45"}
{"level":"info","message":"Installing package - 96%","timestamp":"2024-07-02 17:58:45"}
{"level":"info","message":"Installing package - 97%","timestamp":"2024-07-02 17:58:45"}
{"level":"info","message":"Installing package - 98%","timestamp":"2024-07-02 17:58:45"}
{"level":"info","message":"Installing package - 99%","timestamp":"2024-07-02 17:58:45"}
{"level":"info","message":"Installing package - 100%","timestamp":"2024-07-02 17:58:45"}
{"level":"info","message":"Installed module pf-content","timestamp":"2024-07-02 17:58:45"}
{"level":"info","message":"complete - 100%","timestamp":"2024-07-02 17:58:45"}
{"level":"info","message":"Downloading package - 1%","timestamp":"2024-07-02 17:58:59"}
{"level":"info","message":"Downloading package - 2%","timestamp":"2024-07-02 17:58:59"}
{"level":"info","message":"Downloading package - 3%","timestamp":"2024-07-02 17:58:59"}
{"level":"info","message":"Downloading package - 4%","timestamp":"2024-07-02 17:58:59"}
{"level":"info","message":"Downloading package - 5%","timestamp":"2024-07-02 17:58:59"}
{"level":"info","message":"Downloading package - 6%","timestamp":"2024-07-02 17:58:59"}
{"level":"info","message":"Downloading package - 7%","timestamp":"2024-07-02 17:58:59"}
{"level":"info","message":"Downloading package - 8%","timestamp":"2024-07-02 17:58:59"}
{"level":"info","message":"Downloading package - 9%","timestamp":"2024-07-02 17:58:59"}
{"level":"info","message":"Downloading package - 10%","timestamp":"2024-07-02 17:58:59"}
{"level":"info","message":"Downloading package - 11%","timestamp":"2024-07-02 17:58:59"}
{"level":"info","message":"Downloading package - 12%","timestamp":"2024-07-02 17:58:59"}
{"level":"info","message":"Downloading package - 13%","timestamp":"2024-07-02 17:58:59"}
{"level":"info","message":"Downloading package - 14%","timestamp":"2024-07-02 17:58:59"}
{"level":"info","message":"Downloading package - 15%","timestamp":"2024-07-02 17:58:59"}
{"level":"info","message":"Downloading package - 16%","timestamp":"2024-07-02 17:58:59"}
{"level":"info","message":"Downloading package - 17%","timestamp":"2024-07-02 17:58:59"}
{"level":"info","message":"Downloading package - 18%","timestamp":"2024-07-02 17:58:59"}
{"level":"info","message":"Downloading package - 19%","timestamp":"2024-07-02 17:58:59"}
{"level":"info","message":"Downloading package - 20%","timestamp":"2024-07-02 17:58:59"}
{"level":"info","message":"Downloading package - 21%","timestamp":"2024-07-02 17:58:59"}
{"level":"info","message":"Downloading package - 22%","timestamp":"2024-07-02 17:58:59"}
{"level":"info","message":"Downloading package - 23%","timestamp":"2024-07-02 17:58:59"}
{"level":"info","message":"Downloading package - 24%","timestamp":"2024-07-02 17:58:59"}
{"level":"info","message":"Downloading package - 25%","timestamp":"2024-07-02 17:58:59"}
{"level":"info","message":"Downloading package - 26%","timestamp":"2024-07-02 17:58:59"}
{"level":"info","message":"Downloading package - 27%","timestamp":"2024-07-02 17:58:59"}
{"level":"info","message":"Downloading package - 28%","timestamp":"2024-07-02 17:58:59"}
{"level":"info","message":"Downloading package - 29%","timestamp":"2024-07-02 17:58:59"}
{"level":"info","message":"Downloading package - 30%","timestamp":"2024-07-02 17:58:59"}
{"level":"info","message":"Downloading package - 31%","timestamp":"2024-07-02 17:58:59"}
{"level":"info","message":"Downloading package - 32%","timestamp":"2024-07-02 17:58:59"}
{"level":"info","message":"Downloading package - 33%","timestamp":"2024-07-02 17:58:59"}
{"level":"info","message":"Downloading package - 34%","timestamp":"2024-07-02 17:58:59"}
{"level":"info","message":"Downloading package - 37%","timestamp":"2024-07-02 17:58:59"}
{"level":"info","message":"Downloading package - 40%","timestamp":"2024-07-02 17:58:59"}
{"level":"info","message":"Downloading package - 43%","timestamp":"2024-07-02 17:58:59"}
{"level":"info","message":"Downloading package - 46%","timestamp":"2024-07-02 17:58:59"}
{"level":"info","message":"Downloading package - 49%","timestamp":"2024-07-02 17:58:59"}
{"level":"info","message":"Downloading package - 52%","timestamp":"2024-07-02 17:58:59"}
{"level":"info","message":"Downloading package - 55%","timestamp":"2024-07-02 17:58:59"}
{"level":"info","message":"Downloading package - 58%","timestamp":"2024-07-02 17:58:59"}
{"level":"info","message":"Downloading package - 61%","timestamp":"2024-07-02 17:58:59"}
{"level":"info","message":"Downloading package - 63%","timestamp":"2024-07-02 17:58:59"}
{"level":"info","message":"Downloading package - 66%","timestamp":"2024-07-02 17:58:59"}
{"level":"info","message":"Downloading package - 69%","timestamp":"2024-07-02 17:58:59"}
{"level":"info","message":"Downloading package - 72%","timestamp":"2024-07-02 17:58:59"}
{"level":"info","message":"Downloading package - 75%","timestamp":"2024-07-02 17:58:59"}
{"level":"info","message":"Downloading package - 77%","timestamp":"2024-07-02 17:58:59"}
{"level":"info","message":"Downloading package - 80%","timestamp":"2024-07-02 17:58:59"}
{"level":"info","message":"Downloading package - 83%","timestamp":"2024-07-02 17:58:59"}
{"level":"info","message":"Downloading package - 86%","timestamp":"2024-07-02 17:58:59"}
{"level":"info","message":"Downloading package - 89%","timestamp":"2024-07-02 17:58:59"}
{"level":"info","message":"Downloading package - 91%","timestamp":"2024-07-02 17:58:59"}
{"level":"info","message":"Downloading package - 94%","timestamp":"2024-07-02 17:58:59"}
{"level":"info","message":"Downloading package - 97%","timestamp":"2024-07-02 17:58:59"}
{"level":"info","message":"Downloading package - 100%","timestamp":"2024-07-02 17:58:59"}
{"level":"info","message":"Installing package - 2%","timestamp":"2024-07-02 17:58:59"}
{"level":"info","message":"Installing package - 3%","timestamp":"2024-07-02 17:58:59"}
{"level":"info","message":"Installing package - 5%","timestamp":"2024-07-02 17:58:59"}
{"level":"info","message":"Installing package - 6%","timestamp":"2024-07-02 17:58:59"}
{"level":"info","message":"Installing package - 8%","timestamp":"2024-07-02 17:58:59"}
{"level":"info","message":"Installing package - 9%","timestamp":"2024-07-02 17:58:59"}
{"level":"info","message":"Installing package - 11%","timestamp":"2024-07-02 17:58:59"}
{"level":"info","message":"Installing package - 12%","timestamp":"2024-07-02 17:58:59"}
{"level":"info","message":"Installing package - 14%","timestamp":"2024-07-02 17:58:59"}
{"level":"info","message":"Installing package - 15%","timestamp":"2024-07-02 17:58:59"}
{"level":"info","message":"Installing package - 17%","timestamp":"2024-07-02 17:58:59"}
{"level":"info","message":"Installing package - 18%","timestamp":"2024-07-02 17:58:59"}
{"level":"info","message":"Installing package - 20%","timestamp":"2024-07-02 17:58:59"}
{"level":"info","message":"Installing package - 22%","timestamp":"2024-07-02 17:58:59"}
{"level":"info","message":"Installing package - 23%","timestamp":"2024-07-02 17:58:59"}
{"level":"info","message":"Installing package - 25%","timestamp":"2024-07-02 17:58:59"}
{"level":"info","message":"Installing package - 26%","timestamp":"2024-07-02 17:58:59"}
{"level":"info","message":"Installing package - 28%","timestamp":"2024-07-02 17:58:59"}
{"level":"info","message":"Installing package - 29%","timestamp":"2024-07-02 17:58:59"}
{"level":"info","message":"Installing package - 31%","timestamp":"2024-07-02 17:58:59"}
{"level":"info","message":"Installing package - 32%","timestamp":"2024-07-02 17:58:59"}
{"level":"info","message":"Installing package - 34%","timestamp":"2024-07-02 17:58:59"}
{"level":"info","message":"Installing package - 35%","timestamp":"2024-07-02 17:58:59"}
{"level":"info","message":"Installing package - 37%","timestamp":"2024-07-02 17:58:59"}
{"level":"info","message":"Installing package - 38%","timestamp":"2024-07-02 17:58:59"}
{"level":"info","message":"Installing package - 40%","timestamp":"2024-07-02 17:58:59"}
{"level":"info","message":"Installing package - 42%","timestamp":"2024-07-02 17:58:59"}
{"level":"info","message":"Installing package - 43%","timestamp":"2024-07-02 17:58:59"}
{"level":"info","message":"Installing package - 45%","timestamp":"2024-07-02 17:58:59"}
{"level":"info","message":"Installing package - 46%","timestamp":"2024-07-02 17:58:59"}
{"level":"info","message":"Installing package - 48%","timestamp":"2024-07-02 17:58:59"}
{"level":"info","message":"Installing package - 49%","timestamp":"2024-07-02 17:58:59"}
{"level":"info","message":"Installing package - 51%","timestamp":"2024-07-02 17:58:59"}
{"level":"info","message":"Installing package - 52%","timestamp":"2024-07-02 17:58:59"}
{"level":"info","message":"Installing package - 54%","timestamp":"2024-07-02 17:58:59"}
{"level":"info","message":"Installing package - 55%","timestamp":"2024-07-02 17:58:59"}
{"level":"info","message":"Installing package - 57%","timestamp":"2024-07-02 17:58:59"}
{"level":"info","message":"Installing package - 58%","timestamp":"2024-07-02 17:58:59"}
{"level":"info","message":"Installing package - 60%","timestamp":"2024-07-02 17:58:59"}
{"level":"info","message":"Installing package - 62%","timestamp":"2024-07-02 17:58:59"}
{"level":"info","message":"Installing package - 63%","timestamp":"2024-07-02 17:58:59"}
{"level":"info","message":"Installing package - 65%","timestamp":"2024-07-02 17:58:59"}
{"level":"info","message":"Installing package - 66%","timestamp":"2024-07-02 17:58:59"}
{"level":"info","message":"Installing package - 68%","timestamp":"2024-07-02 17:58:59"}
{"level":"info","message":"Installing package - 69%","timestamp":"2024-07-02 17:58:59"}
{"level":"info","message":"Installing package - 71%","timestamp":"2024-07-02 17:58:59"}
{"level":"info","message":"Installing package - 72%","timestamp":"2024-07-02 17:58:59"}
{"level":"info","message":"Installing package - 74%","timestamp":"2024-07-02 17:58:59"}
{"level":"info","message":"Installing package - 75%","timestamp":"2024-07-02 17:58:59"}
{"level":"info","message":"Installing package - 77%","timestamp":"2024-07-02 17:58:59"}
{"level":"info","message":"Installing package - 78%","timestamp":"2024-07-02 17:58:59"}
{"level":"info","message":"Installing package - 80%","timestamp":"2024-07-02 17:58:59"}
{"level":"info","message":"Installing package - 82%","timestamp":"2024-07-02 17:58:59"}
{"level":"info","message":"Installing package - 83%","timestamp":"2024-07-02 17:58:59"}
{"level":"info","message":"Installing package - 85%","timestamp":"2024-07-02 17:58:59"}
{"level":"info","message":"Installing package - 86%","timestamp":"2024-07-02 17:58:59"}
{"level":"info","message":"Installing package - 88%","timestamp":"2024-07-02 17:58:59"}
{"level":"info","message":"Installing package - 89%","timestamp":"2024-07-02 17:58:59"}
{"level":"info","message":"Installing package - 91%","timestamp":"2024-07-02 17:58:59"}
{"level":"info","message":"Installing package - 92%","timestamp":"2024-07-02 17:58:59"}
{"level":"info","message":"Installing package - 94%","timestamp":"2024-07-02 17:58:59"}
{"level":"info","message":"Installing package - 95%","timestamp":"2024-07-02 17:58:59"}
{"level":"info","message":"Installing package - 97%","timestamp":"2024-07-02 17:58:59"}
{"level":"info","message":"Installing package - 98%","timestamp":"2024-07-02 17:58:59"}
{"level":"info","message":"Installing package - 100%","timestamp":"2024-07-02 17:58:59"}
{"level":"info","message":"Installed module pf1-statblock-converter","timestamp":"2024-07-02 17:58:59"}
{"level":"info","message":"complete - 100%","timestamp":"2024-07-02 17:58:59"}
{"level":"warn","message":"The system \"pf1\" is using \"gridDistance\" which is deprecated in favor of \"grid.distance\".\nDeprecated since Version 12\nBackwards-compatible support will be removed in Version 14","timestamp":"2024-07-02 17:59:12"}
{"level":"warn","message":"The system \"pf1\" is using \"gridUnits\" which is deprecated in favor of \"grid.units\".\nDeprecated since Version 12\nBackwards-compatible support will be removed in Version 14","timestamp":"2024-07-02 17:59:12"}
{"level":"warn","message":"The system \"pf1\" is using \"gridDistance\" which is deprecated in favor of \"grid.distance\".\nDeprecated since Version 12\nBackwards-compatible support will be removed in Version 14","timestamp":"2024-07-02 18:00:22"}
{"level":"warn","message":"The system \"pf1\" is using \"gridUnits\" which is deprecated in favor of \"grid.units\".\nDeprecated since Version 12\nBackwards-compatible support will be removed in Version 14","timestamp":"2024-07-02 18:00:22"}
{"level":"warn","message":"The system \"pf1\" is using \"gridDistance\" which is deprecated in favor of \"grid.distance\".\nDeprecated since Version 12\nBackwards-compatible support will be removed in Version 14","timestamp":"2024-07-02 18:00:29"}
{"level":"warn","message":"The system \"pf1\" is using \"gridUnits\" which is deprecated in favor of \"grid.units\".\nDeprecated since Version 12\nBackwards-compatible support will be removed in Version 14","timestamp":"2024-07-02 18:00:29"}
{"level":"info","message":"Shutting down Foundry Virtual Tabletop server","timestamp":"2024-07-02 18:01:24"}
{"level":"info","message":"Shut-down success. Goodbye!","timestamp":"2024-07-02 18:01:24"}
